Arguments: 
  /home/abner/.asdf/installs/heroku-cli/7.65.0/bin/node /home/abner/.nvm/versions/node/v16.17.0/bin/yarn init

PATH: 
  /home/abner/.asdf/installs/heroku-cli/7.65.0/bin:/home/abner/.asdf/shims:/home/abner/.asdf/bin:/home/abner/.nvm/versions/node/v16.17.0/bin:/home/abner/.local/bin:/usr/local/sbin:/usr/local/bin:/usr/sbin:/usr/bin:/sbin:/bin:/usr/games:/usr/local/games:/snap/bin:/snap/bin:/home/abner/.fzf/bin

Yarn version: 
  1.22.19

Node version: 
  14.19.0

Platform: 
  linux x64

Trace: 
  Error: canceled
      at Interface.<anonymous> (/home/abner/.nvm/versions/node/v16.17.0/lib/node_modules/yarn/lib/cli.js:137150:13)
      at Interface.emit (events.js:400:28)
      at Interface._ttyWrite (readline.js:1001:16)
      at ReadStream.onkeypress (readline.js:265:10)
      at ReadStream.emit (events.js:400:28)
      at emitKeys (internal/readline/utils.js:358:14)
      at emitKeys.next (<anonymous>)
      at ReadStream.onData (readline.js:1270:36)
      at ReadStream.emit (events.js:400:28)
      at addChunk (internal/streams/readable.js:293:12)

npm manifest: 
  No manifest

yarn manifest: 
  No manifest

Lockfile: 
  No lockfile
